<?xml version="1.0" encoding="UTF-8"?>
<!-- Generated by org.testng.reporters.JUnitReportReporter -->
<testsuite hostname="marta-HP-ProBook-430-G3" name="pack_1.Task2" tests="4" failures="0" timestamp="19 Dec 2018 20:17:08 GMT" time="0.014" errors="0">
  <testcase name="testDivide" time="0.000" classname="pack_1.Task2"/>
  <testcase name="testSubtract" time="0.001" classname="pack_1.Task2"/>
  <testcase name="testMultiply" time="0.001" classname="pack_1.Task2"/>
  <testcase name="testAdd" time="0.012" classname="pack_1.Task2"/>
</testsuite> <!-- pack_1.Task2 -->
