<?xml version="1.0" encoding="UTF-8"?>
<!-- Generated by org.testng.reporters.JUnitReportReporter -->
<testsuite hostname="marta-HP-ProBook-430-G3" name="pack_1.Calc_DataProviderTest_Hard" tests="12" failures="0" timestamp="19 Dec 2018 20:25:28 GMT" time="0.016" errors="0">
  <testcase name="testMultiplyMethod" time="0.000" classname="pack_1.Calc_DataProviderTest_Hard"/>
  <testcase name="testMultiplyMethod" time="0.000" classname="pack_1.Calc_DataProviderTest_Hard"/>
  <testcase name="testAddMethod" time="0.000" classname="pack_1.Calc_DataProviderTest_Hard"/>
  <testcase name="testDivideMethod" time="0.001" classname="pack_1.Calc_DataProviderTest_Hard"/>
  <testcase name="testDivideMethod" time="0.001" classname="pack_1.Calc_DataProviderTest_Hard"/>
  <testcase name="testAddMethod" time="0.012" classname="pack_1.Calc_DataProviderTest_Hard"/>
  <testcase name="testAddMethod" time="0.001" classname="pack_1.Calc_DataProviderTest_Hard"/>
  <testcase name="testSubtractMethod" time="0.000" classname="pack_1.Calc_DataProviderTest_Hard"/>
  <testcase name="testDivideMethod" time="0.001" classname="pack_1.Calc_DataProviderTest_Hard"/>
  <testcase name="testSubtractMethod" time="0.000" classname="pack_1.Calc_DataProviderTest_Hard"/>
  <testcase name="testSubtractMethod" time="0.000" classname="pack_1.Calc_DataProviderTest_Hard"/>
  <testcase name="testMultiplyMethod" time="0.000" classname="pack_1.Calc_DataProviderTest_Hard"/>
</testsuite> <!-- pack_1.Calc_DataProviderTest_Hard -->
