<?xml version="1.0" encoding="UTF-8"?>
<!-- Generated by org.testng.reporters.JUnitReportReporter -->
<testsuite hostname="marta-HP-ProBook-430-G3" name="pack1.Task_ng" tests="2" failures="0" timestamp="11 Dec 2018 09:15:38 GMT" time="0.011" errors="0">
  <testcase name="Task1" time="0.011" classname="pack1.Task_ng"/>
  <testcase name="Task2" time="0.000" classname="pack1.Task_ng"/>
</testsuite> <!-- pack1.Task_ng -->
