<?xml version="1.0" encoding="UTF-8"?>
<!-- Generated by org.testng.reporters.JUnitReportReporter -->
<testsuite hostname="marta-HP-ProBook-430-G3" name="pack_1.ParametersTask" tests="4" failures="0" timestamp="19 Dec 2018 20:24:46 GMT" time="0.026" errors="0">
  <testcase name="testDivide" time="0.002" classname="pack_1.ParametersTask"/>
  <testcase name="testSubtract" time="0.000" classname="pack_1.ParametersTask"/>
  <testcase name="testMultiply" time="0.003" classname="pack_1.ParametersTask"/>
  <testcase name="testAdd" time="0.021" classname="pack_1.ParametersTask"/>
</testsuite> <!-- pack_1.ParametersTask -->
