<?xml version="1.0" encoding="UTF-8"?>
<!-- Generated by org.testng.reporters.JUnitReportReporter -->
<testsuite hostname="marta-HP-ProBook-430-G3" name="pack_1.Calc_DataProviderTest_Soft" tests="12" failures="0" timestamp="19 Dec 2018 20:22:06 GMT" time="0.019" errors="0">
  <testcase name="testAddMethod" time="0.013" classname="pack_1.Calc_DataProviderTest_Soft"/>
  <testcase name="testSubtractMethod" time="0.000" classname="pack_1.Calc_DataProviderTest_Soft"/>
  <testcase name="testMultiplyMethod" time="0.001" classname="pack_1.Calc_DataProviderTest_Soft"/>
  <testcase name="testDivideMethod" time="0.001" classname="pack_1.Calc_DataProviderTest_Soft"/>
  <testcase name="testAddMethod" time="0.000" classname="pack_1.Calc_DataProviderTest_Soft"/>
  <testcase name="testSubtractMethod" time="0.001" classname="pack_1.Calc_DataProviderTest_Soft"/>
  <testcase name="testDivideMethod" time="0.000" classname="pack_1.Calc_DataProviderTest_Soft"/>
  <testcase name="testAddMethod" time="0.001" classname="pack_1.Calc_DataProviderTest_Soft"/>
  <testcase name="testDivideMethod" time="0.001" classname="pack_1.Calc_DataProviderTest_Soft"/>
  <testcase name="testSubtractMethod" time="0.000" classname="pack_1.Calc_DataProviderTest_Soft"/>
  <testcase name="testMultiplyMethod" time="0.000" classname="pack_1.Calc_DataProviderTest_Soft"/>
  <testcase name="testMultiplyMethod" time="0.001" classname="pack_1.Calc_DataProviderTest_Soft"/>
</testsuite> <!-- pack_1.Calc_DataProviderTest_Soft -->
